<?xml version="1.0" encoding="UTF-8"?>
<!-- Generated by org.testng.reporters.JUnitXMLReporter -->
<testsuite hostname="PAWARP01" name="Test" tests="2" failures="0" timestamp="27 Jun 2018 18:07:56 GMT" time="0.03" errors="0">
  <testcase name="@BeforeMethod beforeMethod" time="0.0" classname="com.java.test.TestTest">
    <skipped/>
  </testcase> <!-- @BeforeMethod beforeMethod -->
  <testcase name="@AfterMethod afterMethod" time="0.0" classname="com.java.test.TestTest">
    <skipped/>
  </testcase> <!-- @AfterMethod afterMethod -->
  <testcase name="@AfterClass afterClass" time="0.0" classname="com.java.test.TestTest">
    <skipped/>
  </testcase> <!-- @AfterClass afterClass -->
  <testcase name="@AfterTest afterTest" time="0.0" classname="com.java.test.TestTest">
    <skipped/>
  </testcase> <!-- @AfterTest afterTest -->
  <testcase name="@AfterTest afterTest" time="0.0" classname="com.java.test.TestTest">
    <skipped/>
  </testcase> <!-- @AfterTest afterTest -->
  <testcase name="main" time="0.001" classname="com.java.test.TestTest">
    <skipped/>
  </testcase> <!-- main -->
  <testcase name="main" time="0.005" classname="com.java.test.TestTest2"/>
</testsuite> <!-- Test -->
